running egg_info
creating ../../build/agv_comm_layer/agv_comm_layer.egg-info
writing ../../build/agv_comm_layer/agv_comm_layer.egg-info/PKG-INFO
writing dependency_links to ../../build/agv_comm_layer/agv_comm_layer.egg-info/dependency_links.txt
writing entry points to ../../build/agv_comm_layer/agv_comm_layer.egg-info/entry_points.txt
writing requirements to ../../build/agv_comm_layer/agv_comm_layer.egg-info/requires.txt
writing top-level names to ../../build/agv_comm_layer/agv_comm_layer.egg-info/top_level.txt
writing manifest file '../../build/agv_comm_layer/agv_comm_layer.egg-info/SOURCES.txt'
reading manifest file '../../build/agv_comm_layer/agv_comm_layer.egg-info/SOURCES.txt'
writing manifest file '../../build/agv_comm_layer/agv_comm_layer.egg-info/SOURCES.txt'
running build
running build_py
creating /home/debby_anna/ros2_ws/build/agv_comm_layer/build
creating /home/debby_anna/ros2_ws/build/agv_comm_layer/build/lib
creating /home/debby_anna/ros2_ws/build/agv_comm_layer/build/lib/agv_comm_layer
copying agv_comm_layer/ros_mqtt_bridge.py -> /home/debby_anna/ros2_ws/build/agv_comm_layer/build/lib/agv_comm_layer
copying agv_comm_layer/vda_messages.py -> /home/debby_anna/ros2_ws/build/agv_comm_layer/build/lib/agv_comm_layer
copying agv_comm_layer/__init__.py -> /home/debby_anna/ros2_ws/build/agv_comm_layer/build/lib/agv_comm_layer
running install
running install_lib
creating /home/debby_anna/ros2_ws/install/agv_comm_layer/lib/python3.10/site-packages/agv_comm_layer
copying /home/debby_anna/ros2_ws/build/agv_comm_layer/build/lib/agv_comm_layer/ros_mqtt_bridge.py -> /home/debby_anna/ros2_ws/install/agv_comm_layer/lib/python3.10/site-packages/agv_comm_layer
copying /home/debby_anna/ros2_ws/build/agv_comm_layer/build/lib/agv_comm_layer/vda_messages.py -> /home/debby_anna/ros2_ws/install/agv_comm_layer/lib/python3.10/site-packages/agv_comm_layer
copying /home/debby_anna/ros2_ws/build/agv_comm_layer/build/lib/agv_comm_layer/__init__.py -> /home/debby_anna/ros2_ws/install/agv_comm_layer/lib/python3.10/site-packages/agv_comm_layer
byte-compiling /home/debby_anna/ros2_ws/install/agv_comm_layer/lib/python3.10/site-packages/agv_comm_layer/ros_mqtt_bridge.py to ros_mqtt_bridge.cpython-310.pyc
byte-compiling /home/debby_anna/ros2_ws/install/agv_comm_layer/lib/python3.10/site-packages/agv_comm_layer/vda_messages.py to vda_messages.cpython-310.pyc
byte-compiling /home/debby_anna/ros2_ws/install/agv_comm_layer/lib/python3.10/site-packages/agv_comm_layer/__init__.py to __init__.cpython-310.pyc
running install_data
creating /home/debby_anna/ros2_ws/install/agv_comm_layer/share/ament_index
creating /home/debby_anna/ros2_ws/install/agv_comm_layer/share/ament_index/resource_index
creating /home/debby_anna/ros2_ws/install/agv_comm_layer/share/ament_index/resource_index/packages
copying resource/agv_comm_layer -> /home/debby_anna/ros2_ws/install/agv_comm_layer/share/ament_index/resource_index/packages
copying package.xml -> /home/debby_anna/ros2_ws/install/agv_comm_layer/share/agv_comm_layer
running install_egg_info
Copying ../../build/agv_comm_layer/agv_comm_layer.egg-info to /home/debby_anna/ros2_ws/install/agv_comm_layer/lib/python3.10/site-packages/agv_comm_layer-0.0.0-py3.10.egg-info
running install_scripts
Installing ros_mqtt_bridge script to /home/debby_anna/ros2_ws/install/agv_comm_layer/lib/agv_comm_layer
writing list of installed files to '/home/debby_anna/ros2_ws/build/agv_comm_layer/install.log'
