[0.590s] Invoking command in '/home/debby_anna/ros2_ws/src/agv_zone_manager': PYTHONPATH=/home/debby_anna/ros2_ws/build/agv_zone_manager/prefix_override:/usr/lib/python3/dist-packages/colcon_core/task/python/colcon_distutils_commands:/home/debby_anna/ros2_ws/install/agv_zone_manager/lib/python3.10/site-packages:${PYTHONPATH} /usr/bin/python3 -W ignore:setup.py install is deprecated -W ignore:easy_install command is deprecated setup.py egg_info --egg-base ../../build/agv_zone_manager build --build-base /home/debby_anna/ros2_ws/build/agv_zone_manager/build install --record /home/debby_anna/ros2_ws/build/agv_zone_manager/install.log --single-version-externally-managed install_data
[0.806s] running egg_info
[0.806s] writing ../../build/agv_zone_manager/agv_zone_manager.egg-info/PKG-INFO
[0.846s] writing dependency_links to ../../build/agv_zone_manager/agv_zone_manager.egg-info/dependency_links.txt
[0.847s] writing entry points to ../../build/agv_zone_manager/agv_zone_manager.egg-info/entry_points.txt
[0.847s] writing requirements to ../../build/agv_zone_manager/agv_zone_manager.egg-info/requires.txt
[0.847s] writing top-level names to ../../build/agv_zone_manager/agv_zone_manager.egg-info/top_level.txt
[0.848s] reading manifest file '../../build/agv_zone_manager/agv_zone_manager.egg-info/SOURCES.txt'
[0.851s] writing manifest file '../../build/agv_zone_manager/agv_zone_manager.egg-info/SOURCES.txt'
[0.851s] running build
[0.851s] running build_py
[0.852s] copying agv_zone_manager/zone_manager_node.py -> /home/debby_anna/ros2_ws/build/agv_zone_manager/build/lib/agv_zone_manager
[0.853s] copying agv_zone_manager/dummy_odom_publisher.py -> /home/debby_anna/ros2_ws/build/agv_zone_manager/build/lib/agv_zone_manager
[0.853s] running install
[0.853s] running install_lib
[0.854s] copying /home/debby_anna/ros2_ws/build/agv_zone_manager/build/lib/agv_zone_manager/zone_manager_node.py -> /home/debby_anna/ros2_ws/install/agv_zone_manager/lib/python3.10/site-packages/agv_zone_manager
[0.855s] copying /home/debby_anna/ros2_ws/build/agv_zone_manager/build/lib/agv_zone_manager/dummy_odom_publisher.py -> /home/debby_anna/ros2_ws/install/agv_zone_manager/lib/python3.10/site-packages/agv_zone_manager
[0.855s] byte-compiling /home/debby_anna/ros2_ws/install/agv_zone_manager/lib/python3.10/site-packages/agv_zone_manager/zone_manager_node.py to zone_manager_node.cpython-310.pyc
[0.856s] byte-compiling /home/debby_anna/ros2_ws/install/agv_zone_manager/lib/python3.10/site-packages/agv_zone_manager/dummy_odom_publisher.py to dummy_odom_publisher.cpython-310.pyc
[0.856s] running install_data
[0.857s] running install_egg_info
[0.861s] removing '/home/debby_anna/ros2_ws/install/agv_zone_manager/lib/python3.10/site-packages/agv_zone_manager-0.0.0-py3.10.egg-info' (and everything under it)
[0.862s] Copying ../../build/agv_zone_manager/agv_zone_manager.egg-info to /home/debby_anna/ros2_ws/install/agv_zone_manager/lib/python3.10/site-packages/agv_zone_manager-0.0.0-py3.10.egg-info
[0.864s] running install_scripts
[0.881s] Installing dummy_odom_publisher script to /home/debby_anna/ros2_ws/install/agv_zone_manager/lib/agv_zone_manager
[0.881s] Installing zone_manager_node script to /home/debby_anna/ros2_ws/install/agv_zone_manager/lib/agv_zone_manager
[0.882s] writing list of installed files to '/home/debby_anna/ros2_ws/build/agv_zone_manager/install.log'
[0.903s] Invoked command in '/home/debby_anna/ros2_ws/src/agv_zone_manager' returned '0': PYTHONPATH=/home/debby_anna/ros2_ws/build/agv_zone_manager/prefix_override:/usr/lib/python3/dist-packages/colcon_core/task/python/colcon_distutils_commands:/home/debby_anna/ros2_ws/install/agv_zone_manager/lib/python3.10/site-packages:${PYTHONPATH} /usr/bin/python3 -W ignore:setup.py install is deprecated -W ignore:easy_install command is deprecated setup.py egg_info --egg-base ../../build/agv_zone_manager build --build-base /home/debby_anna/ros2_ws/build/agv_zone_manager/build install --record /home/debby_anna/ros2_ws/build/agv_zone_manager/install.log --single-version-externally-managed install_data
