running egg_info
creating ../../build/agv_zone_manager/agv_zone_manager.egg-info
writing ../../build/agv_zone_manager/agv_zone_manager.egg-info/PKG-INFO
writing dependency_links to ../../build/agv_zone_manager/agv_zone_manager.egg-info/dependency_links.txt
writing entry points to ../../build/agv_zone_manager/agv_zone_manager.egg-info/entry_points.txt
writing requirements to ../../build/agv_zone_manager/agv_zone_manager.egg-info/requires.txt
writing top-level names to ../../build/agv_zone_manager/agv_zone_manager.egg-info/top_level.txt
writing manifest file '../../build/agv_zone_manager/agv_zone_manager.egg-info/SOURCES.txt'
reading manifest file '../../build/agv_zone_manager/agv_zone_manager.egg-info/SOURCES.txt'
writing manifest file '../../build/agv_zone_manager/agv_zone_manager.egg-info/SOURCES.txt'
running build
running build_py
creating /home/debby_anna/ros2_ws/build/agv_zone_manager/build
creating /home/debby_anna/ros2_ws/build/agv_zone_manager/build/lib
creating /home/debby_anna/ros2_ws/build/agv_zone_manager/build/lib/agv_zone_manager
copying agv_zone_manager/zone_manager_node.py -> /home/debby_anna/ros2_ws/build/agv_zone_manager/build/lib/agv_zone_manager
copying agv_zone_manager/__init__.py -> /home/debby_anna/ros2_ws/build/agv_zone_manager/build/lib/agv_zone_manager
copying agv_zone_manager/zone_logic.py -> /home/debby_anna/ros2_ws/build/agv_zone_manager/build/lib/agv_zone_manager
running install
running install_lib
creating /home/debby_anna/ros2_ws/install/agv_zone_manager/lib/python3.10/site-packages/agv_zone_manager
copying /home/debby_anna/ros2_ws/build/agv_zone_manager/build/lib/agv_zone_manager/zone_manager_node.py -> /home/debby_anna/ros2_ws/install/agv_zone_manager/lib/python3.10/site-packages/agv_zone_manager
copying /home/debby_anna/ros2_ws/build/agv_zone_manager/build/lib/agv_zone_manager/__init__.py -> /home/debby_anna/ros2_ws/install/agv_zone_manager/lib/python3.10/site-packages/agv_zone_manager
copying /home/debby_anna/ros2_ws/build/agv_zone_manager/build/lib/agv_zone_manager/zone_logic.py -> /home/debby_anna/ros2_ws/install/agv_zone_manager/lib/python3.10/site-packages/agv_zone_manager
byte-compiling /home/debby_anna/ros2_ws/install/agv_zone_manager/lib/python3.10/site-packages/agv_zone_manager/zone_manager_node.py to zone_manager_node.cpython-310.pyc
byte-compiling /home/debby_anna/ros2_ws/install/agv_zone_manager/lib/python3.10/site-packages/agv_zone_manager/__init__.py to __init__.cpython-310.pyc
byte-compiling /home/debby_anna/ros2_ws/install/agv_zone_manager/lib/python3.10/site-packages/agv_zone_manager/zone_logic.py to zone_logic.cpython-310.pyc
running install_data
creating /home/debby_anna/ros2_ws/install/agv_zone_manager/share/ament_index
creating /home/debby_anna/ros2_ws/install/agv_zone_manager/share/ament_index/resource_index
creating /home/debby_anna/ros2_ws/install/agv_zone_manager/share/ament_index/resource_index/packages
copying resource/agv_zone_manager -> /home/debby_anna/ros2_ws/install/agv_zone_manager/share/ament_index/resource_index/packages
copying package.xml -> /home/debby_anna/ros2_ws/install/agv_zone_manager/share/agv_zone_manager
running install_egg_info
Copying ../../build/agv_zone_manager/agv_zone_manager.egg-info to /home/debby_anna/ros2_ws/install/agv_zone_manager/lib/python3.10/site-packages/agv_zone_manager-0.0.0-py3.10.egg-info
running install_scripts
writing list of installed files to '/home/debby_anna/ros2_ws/build/agv_zone_manager/install.log'
