[0.649s] Invoking command in '/home/debby_anna/ros2_ws/src/agv_zone_manager': PYTHONPATH=/home/debby_anna/ros2_ws/build/agv_zone_manager/prefix_override:/usr/lib/python3/dist-packages/colcon_core/task/python/colcon_distutils_commands:/home/debby_anna/ros2_ws/install/agv_zone_manager/lib/python3.10/site-packages:${PYTHONPATH} /usr/bin/python3 -W ignore:setup.py install is deprecated -W ignore:easy_install command is deprecated setup.py egg_info --egg-base ../../build/agv_zone_manager build --build-base /home/debby_anna/ros2_ws/build/agv_zone_manager/build install --record /home/debby_anna/ros2_ws/build/agv_zone_manager/install.log --single-version-externally-managed install_data
[0.831s] running egg_info
[0.832s] creating ../../build/agv_zone_manager/agv_zone_manager.egg-info
[0.833s] writing ../../build/agv_zone_manager/agv_zone_manager.egg-info/PKG-INFO
[0.833s] writing dependency_links to ../../build/agv_zone_manager/agv_zone_manager.egg-info/dependency_links.txt
[0.833s] writing entry points to ../../build/agv_zone_manager/agv_zone_manager.egg-info/entry_points.txt
[0.834s] writing requirements to ../../build/agv_zone_manager/agv_zone_manager.egg-info/requires.txt
[0.834s] writing top-level names to ../../build/agv_zone_manager/agv_zone_manager.egg-info/top_level.txt
[0.834s] writing manifest file '../../build/agv_zone_manager/agv_zone_manager.egg-info/SOURCES.txt'
[0.836s] reading manifest file '../../build/agv_zone_manager/agv_zone_manager.egg-info/SOURCES.txt'
[0.836s] writing manifest file '../../build/agv_zone_manager/agv_zone_manager.egg-info/SOURCES.txt'
[0.837s] running build
[0.837s] running build_py
[0.837s] creating /home/debby_anna/ros2_ws/build/agv_zone_manager/build
[0.838s] creating /home/debby_anna/ros2_ws/build/agv_zone_manager/build/lib
[0.838s] creating /home/debby_anna/ros2_ws/build/agv_zone_manager/build/lib/agv_zone_manager
[0.839s] copying agv_zone_manager/zone_manager_node.py -> /home/debby_anna/ros2_ws/build/agv_zone_manager/build/lib/agv_zone_manager
[0.840s] copying agv_zone_manager/__init__.py -> /home/debby_anna/ros2_ws/build/agv_zone_manager/build/lib/agv_zone_manager
[0.840s] copying agv_zone_manager/zone_logic.py -> /home/debby_anna/ros2_ws/build/agv_zone_manager/build/lib/agv_zone_manager
[0.841s] running install
[0.841s] running install_lib
[0.842s] creating /home/debby_anna/ros2_ws/install/agv_zone_manager/lib/python3.10/site-packages/agv_zone_manager
[0.843s] copying /home/debby_anna/ros2_ws/build/agv_zone_manager/build/lib/agv_zone_manager/zone_manager_node.py -> /home/debby_anna/ros2_ws/install/agv_zone_manager/lib/python3.10/site-packages/agv_zone_manager
[0.843s] copying /home/debby_anna/ros2_ws/build/agv_zone_manager/build/lib/agv_zone_manager/__init__.py -> /home/debby_anna/ros2_ws/install/agv_zone_manager/lib/python3.10/site-packages/agv_zone_manager
[0.844s] copying /home/debby_anna/ros2_ws/build/agv_zone_manager/build/lib/agv_zone_manager/zone_logic.py -> /home/debby_anna/ros2_ws/install/agv_zone_manager/lib/python3.10/site-packages/agv_zone_manager
[0.844s] byte-compiling /home/debby_anna/ros2_ws/install/agv_zone_manager/lib/python3.10/site-packages/agv_zone_manager/zone_manager_node.py to zone_manager_node.cpython-310.pyc
[0.845s] byte-compiling /home/debby_anna/ros2_ws/install/agv_zone_manager/lib/python3.10/site-packages/agv_zone_manager/__init__.py to __init__.cpython-310.pyc
[0.845s] byte-compiling /home/debby_anna/ros2_ws/install/agv_zone_manager/lib/python3.10/site-packages/agv_zone_manager/zone_logic.py to zone_logic.cpython-310.pyc
[0.846s] running install_data
[0.846s] creating /home/debby_anna/ros2_ws/install/agv_zone_manager/share/ament_index
[0.847s] creating /home/debby_anna/ros2_ws/install/agv_zone_manager/share/ament_index/resource_index
[0.847s] creating /home/debby_anna/ros2_ws/install/agv_zone_manager/share/ament_index/resource_index/packages
[0.848s] copying resource/agv_zone_manager -> /home/debby_anna/ros2_ws/install/agv_zone_manager/share/ament_index/resource_index/packages
[0.848s] copying package.xml -> /home/debby_anna/ros2_ws/install/agv_zone_manager/share/agv_zone_manager
[0.848s] running install_egg_info
[0.850s] Copying ../../build/agv_zone_manager/agv_zone_manager.egg-info to /home/debby_anna/ros2_ws/install/agv_zone_manager/lib/python3.10/site-packages/agv_zone_manager-0.0.0-py3.10.egg-info
[0.851s] running install_scripts
[0.866s] writing list of installed files to '/home/debby_anna/ros2_ws/build/agv_zone_manager/install.log'
[0.885s] Invoked command in '/home/debby_anna/ros2_ws/src/agv_zone_manager' returned '0': PYTHONPATH=/home/debby_anna/ros2_ws/build/agv_zone_manager/prefix_override:/usr/lib/python3/dist-packages/colcon_core/task/python/colcon_distutils_commands:/home/debby_anna/ros2_ws/install/agv_zone_manager/lib/python3.10/site-packages:${PYTHONPATH} /usr/bin/python3 -W ignore:setup.py install is deprecated -W ignore:easy_install command is deprecated setup.py egg_info --egg-base ../../build/agv_zone_manager build --build-base /home/debby_anna/ros2_ws/build/agv_zone_manager/build install --record /home/debby_anna/ros2_ws/build/agv_zone_manager/install.log --single-version-externally-managed install_data
