running egg_info
writing ../../build/agv_zone_manager/agv_zone_manager.egg-info/PKG-INFO
writing dependency_links to ../../build/agv_zone_manager/agv_zone_manager.egg-info/dependency_links.txt
writing entry points to ../../build/agv_zone_manager/agv_zone_manager.egg-info/entry_points.txt
writing requirements to ../../build/agv_zone_manager/agv_zone_manager.egg-info/requires.txt
writing top-level names to ../../build/agv_zone_manager/agv_zone_manager.egg-info/top_level.txt
reading manifest file '../../build/agv_zone_manager/agv_zone_manager.egg-info/SOURCES.txt'
writing manifest file '../../build/agv_zone_manager/agv_zone_manager.egg-info/SOURCES.txt'
running build
running build_py
copying agv_zone_manager/zone_logic.py -> /home/debby_anna/ros2_ws/build/agv_zone_manager/build/lib/agv_zone_manager
running install
running install_lib
copying /home/debby_anna/ros2_ws/build/agv_zone_manager/build/lib/agv_zone_manager/zone_logic.py -> /home/debby_anna/ros2_ws/install/agv_zone_manager/lib/python3.10/site-packages/agv_zone_manager
byte-compiling /home/debby_anna/ros2_ws/install/agv_zone_manager/lib/python3.10/site-packages/agv_zone_manager/zone_logic.py to zone_logic.cpython-310.pyc
running install_data
running install_egg_info
removing '/home/debby_anna/ros2_ws/install/agv_zone_manager/lib/python3.10/site-packages/agv_zone_manager-0.0.0-py3.10.egg-info' (and everything under it)
Copying ../../build/agv_zone_manager/agv_zone_manager.egg-info to /home/debby_anna/ros2_ws/install/agv_zone_manager/lib/python3.10/site-packages/agv_zone_manager-0.0.0-py3.10.egg-info
running install_scripts
Installing zone_manager_node script to /home/debby_anna/ros2_ws/install/agv_zone_manager/lib/agv_zone_manager
writing list of installed files to '/home/debby_anna/ros2_ws/build/agv_zone_manager/install.log'
