[0.579s] Invoking command in '/home/debby_anna/ros2_ws/src/agv_zone_manager': PYTHONPATH=/home/debby_anna/ros2_ws/build/agv_zone_manager/prefix_override:/usr/lib/python3/dist-packages/colcon_core/task/python/colcon_distutils_commands:/home/debby_anna/ros2_ws/install/agv_zone_manager/lib/python3.10/site-packages:${PYTHONPATH} /usr/bin/python3 -W ignore:setup.py install is deprecated -W ignore:easy_install command is deprecated setup.py egg_info --egg-base ../../build/agv_zone_manager build --build-base /home/debby_anna/ros2_ws/build/agv_zone_manager/build install --record /home/debby_anna/ros2_ws/build/agv_zone_manager/install.log --single-version-externally-managed install_data
[0.714s] running egg_info
[0.714s] writing ../../build/agv_zone_manager/agv_zone_manager.egg-info/PKG-INFO
[0.755s] writing dependency_links to ../../build/agv_zone_manager/agv_zone_manager.egg-info/dependency_links.txt
[0.755s] writing entry points to ../../build/agv_zone_manager/agv_zone_manager.egg-info/entry_points.txt
[0.756s] writing requirements to ../../build/agv_zone_manager/agv_zone_manager.egg-info/requires.txt
[0.756s] writing top-level names to ../../build/agv_zone_manager/agv_zone_manager.egg-info/top_level.txt
[0.757s] reading manifest file '../../build/agv_zone_manager/agv_zone_manager.egg-info/SOURCES.txt'
[0.758s] writing manifest file '../../build/agv_zone_manager/agv_zone_manager.egg-info/SOURCES.txt'
[0.758s] running build
[0.758s] running build_py
[0.759s] copying agv_zone_manager/zone_logic.py -> /home/debby_anna/ros2_ws/build/agv_zone_manager/build/lib/agv_zone_manager
[0.759s] running install
[0.760s] running install_lib
[0.761s] copying /home/debby_anna/ros2_ws/build/agv_zone_manager/build/lib/agv_zone_manager/zone_logic.py -> /home/debby_anna/ros2_ws/install/agv_zone_manager/lib/python3.10/site-packages/agv_zone_manager
[0.761s] byte-compiling /home/debby_anna/ros2_ws/install/agv_zone_manager/lib/python3.10/site-packages/agv_zone_manager/zone_logic.py to zone_logic.cpython-310.pyc
[0.762s] running install_data
[0.763s] running install_egg_info
[0.764s] removing '/home/debby_anna/ros2_ws/install/agv_zone_manager/lib/python3.10/site-packages/agv_zone_manager-0.0.0-py3.10.egg-info' (and everything under it)
[0.764s] Copying ../../build/agv_zone_manager/agv_zone_manager.egg-info to /home/debby_anna/ros2_ws/install/agv_zone_manager/lib/python3.10/site-packages/agv_zone_manager-0.0.0-py3.10.egg-info
[0.765s] running install_scripts
[0.782s] Installing zone_manager_node script to /home/debby_anna/ros2_ws/install/agv_zone_manager/lib/agv_zone_manager
[0.782s] writing list of installed files to '/home/debby_anna/ros2_ws/build/agv_zone_manager/install.log'
[0.803s] Invoked command in '/home/debby_anna/ros2_ws/src/agv_zone_manager' returned '0': PYTHONPATH=/home/debby_anna/ros2_ws/build/agv_zone_manager/prefix_override:/usr/lib/python3/dist-packages/colcon_core/task/python/colcon_distutils_commands:/home/debby_anna/ros2_ws/install/agv_zone_manager/lib/python3.10/site-packages:${PYTHONPATH} /usr/bin/python3 -W ignore:setup.py install is deprecated -W ignore:easy_install command is deprecated setup.py egg_info --egg-base ../../build/agv_zone_manager build --build-base /home/debby_anna/ros2_ws/build/agv_zone_manager/build install --record /home/debby_anna/ros2_ws/build/agv_zone_manager/install.log --single-version-externally-managed install_data
