[0.420s] Invoking command in '/home/debby_anna/ros2_ws/src/agv_zone_manager': PYTHONPATH=/home/debby_anna/ros2_ws/build/agv_zone_manager/prefix_override:/usr/lib/python3/dist-packages/colcon_core/task/python/colcon_distutils_commands:/home/debby_anna/ros2_ws/install/agv_zone_manager/lib/python3.10/site-packages:${PYTHONPATH} /usr/bin/python3 -W ignore:setup.py install is deprecated -W ignore:easy_install command is deprecated setup.py egg_info --egg-base ../../build/agv_zone_manager build --build-base /home/debby_anna/ros2_ws/build/agv_zone_manager/build install --record /home/debby_anna/ros2_ws/build/agv_zone_manager/install.log --single-version-externally-managed install_data
[0.568s] running egg_info
[0.569s] writing ../../build/agv_zone_manager/agv_zone_manager.egg-info/PKG-INFO
[0.570s] writing dependency_links to ../../build/agv_zone_manager/agv_zone_manager.egg-info/dependency_links.txt
[0.570s] writing entry points to ../../build/agv_zone_manager/agv_zone_manager.egg-info/entry_points.txt
[0.571s] writing requirements to ../../build/agv_zone_manager/agv_zone_manager.egg-info/requires.txt
[0.571s] writing top-level names to ../../build/agv_zone_manager/agv_zone_manager.egg-info/top_level.txt
[0.573s] reading manifest file '../../build/agv_zone_manager/agv_zone_manager.egg-info/SOURCES.txt'
[0.573s] writing manifest file '../../build/agv_zone_manager/agv_zone_manager.egg-info/SOURCES.txt'
[0.573s] running build
[0.573s] running build_py
[0.573s] running install
[0.574s] running install_lib
[0.574s] running install_data
[0.575s] running install_egg_info
[0.576s] removing '/home/debby_anna/ros2_ws/install/agv_zone_manager/lib/python3.10/site-packages/agv_zone_manager-0.0.0-py3.10.egg-info' (and everything under it)
[0.576s] Copying ../../build/agv_zone_manager/agv_zone_manager.egg-info to /home/debby_anna/ros2_ws/install/agv_zone_manager/lib/python3.10/site-packages/agv_zone_manager-0.0.0-py3.10.egg-info
[0.576s] running install_scripts
[0.593s] Installing zone_manager_node script to /home/debby_anna/ros2_ws/install/agv_zone_manager/lib/agv_zone_manager
[0.593s] writing list of installed files to '/home/debby_anna/ros2_ws/build/agv_zone_manager/install.log'
[0.608s] Invoked command in '/home/debby_anna/ros2_ws/src/agv_zone_manager' returned '0': PYTHONPATH=/home/debby_anna/ros2_ws/build/agv_zone_manager/prefix_override:/usr/lib/python3/dist-packages/colcon_core/task/python/colcon_distutils_commands:/home/debby_anna/ros2_ws/install/agv_zone_manager/lib/python3.10/site-packages:${PYTHONPATH} /usr/bin/python3 -W ignore:setup.py install is deprecated -W ignore:easy_install command is deprecated setup.py egg_info --egg-base ../../build/agv_zone_manager build --build-base /home/debby_anna/ros2_ws/build/agv_zone_manager/build install --record /home/debby_anna/ros2_ws/build/agv_zone_manager/install.log --single-version-externally-managed install_data
